[17:21:58] type="res" event=- len=146
[17:21:58] type="res" event=- len=2846
[17:22:03] type="event" event=tick len=73
[17:22:07] type="res" event=- len=46127
[17:22:10] type="event" event=health len=9119
[17:22:20] type="event" event=presence len=1214
[17:22:20] type="event" event=presence len=1214
[17:22:21] type="event" event=presence len=1214
[17:22:28] type="event" event=presence len=1214
[17:22:28] type="event" event=presence len=1214
[17:22:28] type="res" event=- len=2846
[17:22:29] type="event" event=presence len=1214
[17:22:31] type="event" event=health len=9119
[17:22:33] type="event" event=tick len=73
[17:22:58] type="res" event=- len=2846
[17:23:03] type="event" event=tick len=73
[17:23:13] type="event" event=health len=9119
[17:23:28] type="res" event=- len=2846
[17:23:33] type="event" event=tick len=73
[17:23:58] type="res" event=- len=2846
[17:24:03] type="event" event=tick len=73
[17:24:13] type="event" event=health len=9119
[17:24:14] type="res" event=- len=146
[17:24:14] type="event" event=agent len=238
[17:24:18] type="event" event=agent len=225
[17:24:18] type="event" event=chat len=261
[17:24:18] type="event" event=agent len=229
[17:24:18] type="event" event=chat len=265
[17:24:18] type="event" event=agent len=231
[17:24:18] type="event" event=agent len=234
[17:24:18] type="event" event=agent len=237
[17:24:18] type="event" event=agent len=240
[17:24:18] type="event" event=agent len=243
[17:24:18] type="event" event=agent len=246
[17:24:18] type="event" event=agent len=250
[17:24:18] type="event" event=agent len=253
[17:24:18] type="event" event=agent len=256
[17:24:19] type="event" event=agent len=273
[17:24:19] type="event" event=chat len=303
[17:24:19] type="event" event=agent len=269
[17:24:19] type="event" event=agent len=272
[17:24:19] type="event" event=agent len=275
[17:24:19] type="event" event=agent len=278
[17:24:19] type="event" event=agent len=281
[17:24:19] type="event" event=agent len=284
[17:24:19] type="event" event=agent len=287
[17:24:19] type="event" event=agent len=290
[17:24:19] type="event" event=agent len=293
[17:24:19] type="event" event=agent len=296
[17:24:19] type="event" event=agent len=299
[17:24:19] type="event" event=agent len=302
[17:24:19] type="event" event=agent len=305
[17:24:19] type="event" event=agent len=308
[17:24:19] type="event" event=agent len=311
[17:24:19] type="event" event=agent len=314
[17:24:19] type="event" event=agent len=317
[17:24:19] type="event" event=chat len=354
[17:24:19] type="event" event=agent len=320
[17:24:19] type="event" event=agent len=323
[17:24:19] type="event" event=agent len=326
[17:24:19] type="event" event=agent len=335
[17:24:19] type="event" event=agent len=335
[17:24:19] type="event" event=agent len=235
[17:24:19] type="event" event=chat len=372
[17:24:19] type="event" event=chat len=372
[17:24:28] type="res" event=- len=2846
[17:24:29] type="res" event=- len=146
[17:24:30] type="event" event=agent len=238
[17:24:33] type="event" event=agent len=225
[17:24:33] type="event" event=chat len=261
[17:24:33] type="event" event=tick len=73
[17:24:33] type="event" event=agent len=225
[17:24:33] type="event" event=chat len=263
[17:24:33] type="event" event=agent len=229
[17:24:33] type="event" event=agent len=228
[17:24:33] type="event" event=agent len=233
[17:24:33] type="event" event=agent len=232
[17:24:33] type="event" event=agent len=237
[17:24:33] type="event" event=agent len=240
[17:24:33] type="event" event=agent len=244
[17:24:33] type="event" event=agent len=253
[17:24:33] type="event" event=agent len=253
[17:24:34] type="event" event=agent len=264
[17:24:34] type="event" event=chat len=297
[17:24:34] type="event" event=agent len=263
[17:24:34] type="event" event=agent len=272
[17:24:34] type="event" event=agent len=278
[17:24:34] type="event" event=agent len=278
[17:24:34] type="event" event=agent len=281
[17:24:34] type="event" event=agent len=284
[17:24:34] type="event" event=agent len=299
[17:24:34] type="event" event=agent len=296
[17:24:34] type="event" event=agent len=299
[17:24:34] type="event" event=agent len=302
[17:24:34] type="event" event=chat len=339
[17:24:34] type="event" event=agent len=305
[17:24:34] type="event" event=agent len=308
[17:24:34] type="event" event=agent len=317
[17:24:34] type="event" event=agent len=317
[17:24:34] type="event" event=agent len=320
[17:24:34] type="event" event=agent len=323
[17:24:34] type="event" event=agent len=326
[17:24:34] type="event" event=agent len=337
[17:24:34] type="event" event=agent len=336
[17:24:34] type="event" event=agent len=339
[17:24:34] type="event" event=agent len=342
[17:24:34] type="event" event=agent len=345
[17:24:34] type="event" event=agent len=348
[17:24:34] type="event" event=agent len=351
[17:24:34] type="event" event=agent len=360
[17:24:34] type="event" event=agent len=360
[17:24:34] type="event" event=agent len=363
[17:24:34] type="event" event=agent len=366
[17:24:34] type="event" event=agent len=375
[17:24:34] type="event" event=agent len=375
[17:24:34] type="event" event=agent len=235
[17:24:34] type="event" event=chat len=412
[17:24:34] type="event" event=chat len=412
[17:24:51] type="event" event=presence len=1214
[17:24:51] type="event" event=presence len=1214
[17:24:52] type="event" event=presence len=1214
[17:24:55] type="event" event=cron len=144
[17:24:55] type="event" event=agent len=269
[17:24:58] type="res" event=- len=2846
[17:24:59] type="event" event=presence len=1214
[17:24:59] type="event" event=presence len=1214
[17:25:00] type="event" event=presence len=1214
[17:25:03] type="event" event=health len=9117
[17:25:03] type="event" event=tick len=73
[17:25:08] type="event" event=agent len=352
[17:25:08] type="event" event=chat len=340
[17:25:09] type="event" event=agent len=376
[17:25:09] type="event" event=chat len=378
[17:25:09] type="event" event=agent len=265
[17:25:09] type="event" event=chat len=378
[17:25:09] type="event" event=cron len=564
[17:25:28] type="res" event=- len=2846
[17:25:33] type="event" event=tick len=73
[17:32:36] type="res" event=- len=146
[17:32:36] type="res" event=- len=317
[17:32:42] type="res" event=- len=146
[17:32:43] type="event" event=agent len=238
[17:32:48] type="event" event=health len=8934
[17:32:49] type="event" event=agent len=225
[17:32:49] type="event" event=chat len=261
[17:32:49] type="event" event=agent len=229
[17:32:49] type="event" event=agent len=231
[17:32:49] type="event" event=agent len=246
[17:32:49] type="event" event=agent len=243
[17:32:49] type="event" event=agent len=252
[17:32:49] type="event" event=agent len=252
[17:32:49] type="event" event=agent len=255
[17:32:49] type="event" event=agent len=259
[17:32:49] type="event" event=agent len=262
[17:32:49] type="event" event=agent len=265
[17:32:49] type="event" event=agent len=268
[17:32:49] type="event" event=agent len=271
[17:32:49] type="event" event=agent len=282
[17:32:49] type="event" event=chat len=315
[17:32:49] type="event" event=agent len=281
[17:32:49] type="event" event=agent len=284
[17:32:49] type="event" event=agent len=293
[17:32:49] type="event" event=agent len=293
[17:32:49] type="event" event=agent len=296
[17:32:49] type="event" event=agent len=299
[17:32:49] type="event" event=agent len=302
[17:32:49] type="event" event=agent len=311
[17:32:49] type="event" event=agent len=311
[17:32:49] type="event" event=agent len=314
[17:32:49] type="event" event=agent len=323
[17:32:49] type="event" event=agent len=323
[17:32:49] type="event" event=agent len=334
[17:32:49] type="event" event=chat len=367
[17:32:49] type="event" event=agent len=339
[17:32:49] type="event" event=agent len=339
[17:32:49] type="event" event=agent len=342
[17:32:49] type="event" event=agent len=357
[17:32:49] type="event" event=agent len=354
[17:32:49] type="event" event=agent len=357
[17:32:49] type="event" event=agent len=360
[17:32:49] type="event" event=agent len=363
[17:32:49] type="event" event=agent len=366
[17:32:50] type="event" event=agent len=375
[17:32:50] type="event" event=chat len=409
[17:32:50] type="event" event=agent len=375
[17:32:50] type="event" event=agent len=378
[17:32:50] type="event" event=agent len=381
[17:32:50] type="event" event=agent len=384
[17:32:50] type="event" event=agent len=235
[17:32:50] type="event" event=chat len=421
[17:32:50] type="event" event=chat len=421
[17:33:03] type="event" event=tick len=73
[17:33:06] type="res" event=- len=317
[17:33:13] type="event" event=health len=8932
[17:33:33] type="event" event=tick len=73
[17:33:36] type="res" event=- len=317
[17:34:03] type="event" event=tick len=73
[17:34:06] type="res" event=- len=317
[17:34:11] type="event" event=health len=8931
[17:34:33] type="event" event=tick len=73
[17:34:36] type="res" event=- len=317
[17:34:43] type="event" event=presence len=1197
[17:34:54] type="event" event=health len=8932
[17:34:55] type="event" event=cron len=144
[17:34:56] type="event" event=agent len=269
[17:35:03] type="event" event=tick len=73
[17:35:06] type="res" event=- len=317
[17:35:13] type="event" event=health len=8927
[17:35:27] type="event" event=presence len=1197
[17:35:33] type="event" event=tick len=73
[17:35:36] type="res" event=- len=317
[17:35:39] type="event" event=agent len=326
[17:35:39] type="event" event=chat len=327
[17:35:39] type="event" event=health len=8929
[17:35:40] type="event" event=agent len=351
[17:35:40] type="event" event=chat len=359
[17:35:42] type="event" event=agent len=449
[17:35:42] type="event" event=chat len=424
[17:35:43] type="event" event=agent len=510
[17:35:43] type="event" event=chat len=487
[17:35:43] type="event" event=agent len=265
[17:35:43] type="event" event=chat len=487
[17:35:43] type="event" event=cron len=673
[17:36:03] type="event" event=tick len=73
[17:36:06] type="res" event=- len=317
[17:36:14] type="event" event=health len=8930
[17:36:33] type="event" event=tick len=73
[17:36:36] type="res" event=- len=317
[17:37:03] type="event" event=tick len=73
[17:37:06] type="res" event=- len=317
[17:45:26] type="res" event=- len=146
[17:45:26] type="res" event=- len=317
[17:45:33] type="event" event=tick len=73
[17:45:38] type="event" event=health len=8930
[17:45:56] type="res" event=- len=2846
[17:45:57] type="event" event=health len=8931
[17:46:03] type="event" event=tick len=73
[17:46:13] type="event" event=health len=8931
[17:46:26] type="res" event=- len=2846
[17:46:26] type="event" event=presence len=1550
[17:46:33] type="event" event=tick len=73
[17:46:36] type="event" event=presence len=1550
[17:46:36] type="event" event=presence len=1567
[17:47:02] type="res" event=- len=146
[17:47:03] type="res" event=- len=2846
[17:47:03] type="event" event=tick len=73
[17:47:10] type="event" event=health len=8932
[17:47:33] type="res" event=- len=2846
[17:47:33] type="event" event=tick len=73
[17:47:38] type="res" event=- len=45629
[17:47:46] type="res" event=- len=146
[17:47:46] type="event" event=agent len=238
[17:47:52] type="event" event=agent len=225
[17:47:52] type="event" event=chat len=261
[17:47:52] type="event" event=agent len=229
[17:47:52] type="event" event=agent len=231
[17:47:52] type="event" event=agent len=234
[17:47:52] type="event" event=agent len=237
[17:47:52] type="event" event=agent len=240
[17:47:52] type="event" event=agent len=243
[17:47:52] type="event" event=agent len=246
[17:47:53] type="event" event=agent len=264
[17:47:53] type="event" event=chat len=294
[17:47:53] type="event" event=agent len=260
[17:47:53] type="event" event=agent len=269
[17:47:53] type="event" event=agent len=269
[17:47:53] type="event" event=agent len=278
[17:47:53] type="event" event=agent len=278
[17:47:53] type="event" event=agent len=281
[17:47:53] type="event" event=agent len=290
[17:47:53] type="event" event=agent len=290
[17:47:53] type="event" event=agent len=293
[17:47:53] type="event" event=agent len=296
[17:47:53] type="event" event=agent len=299
[17:47:53] type="event" event=agent len=302
[17:47:53] type="event" event=agent len=311
[17:47:53] type="event" event=agent len=311
[17:47:53] type="event" event=agent len=320
[17:47:53] type="event" event=chat len=354
[17:47:53] type="event" event=agent len=320
[17:47:53] type="event" event=agent len=329
[17:47:53] type="event" event=agent len=329
[17:47:53] type="event" event=agent len=332
[17:47:53] type="event" event=agent len=349
[17:47:53] type="event" event=agent len=351
[17:47:53] type="event" event=agent len=351
[17:47:53] type="event" event=agent len=354
[17:47:53] type="event" event=agent len=357
[17:47:53] type="event" event=agent len=360
[17:47:53] type="event" event=agent len=363
[17:47:53] type="event" event=agent len=366
[17:47:53] type="event" event=agent len=369
[17:47:53] type="event" event=agent len=372
[17:47:53] type="event" event=agent len=375
[17:47:53] type="event" event=agent len=378
[17:47:53] type="event" event=agent len=381
[17:47:53] type="event" event=agent len=384
[17:47:53] type="event" event=agent len=235
[17:47:53] type="event" event=chat len=421
[17:47:53] type="event" event=chat len=421
[17:48:03] type="res" event=- len=2846
[17:48:03] type="event" event=tick len=73
[17:48:12] type="event" event=health len=8928
[17:48:30] type="event" event=presence len=1567
[17:48:30] type="event" event=presence len=1567
[17:48:31] type="event" event=presence len=1567
[17:48:33] type="res" event=- len=2846
[17:48:33] type="event" event=tick len=73
[17:48:39] type="event" event=presence len=1567
[17:48:39] type="event" event=presence len=1567
[17:49:19] type="res" event=- len=146
[17:49:19] type="res" event=- len=2846
[17:49:22] type="event" event=presence len=1567
[17:49:22] type="event" event=presence len=1567
[17:49:22] type="event" event=presence len=1567
[17:49:26] type="event" event=health len=8930
[17:49:33] type="event" event=tick len=73
[17:49:49] type="res" event=- len=2846
[17:50:03] type="event" event=tick len=73
[17:50:13] type="event" event=health len=8933
[17:50:13] type="event" event=presence len=1567
[17:50:13] type="event" event=presence len=1567
[17:50:13] type="event" event=presence len=1567
[17:50:19] type="res" event=- len=2846
[17:50:24] type="event" event=health len=8933
[17:50:33] type="event" event=tick len=73
[17:50:38] type="res" event=- len=45631
[17:50:44] type="res" event=- len=146
[17:50:44] type="event" event=agent len=238
[17:50:49] type="res" event=- len=2846
[17:50:51] type="event" event=agent len=225
[17:50:51] type="event" event=chat len=261
[17:50:51] type="event" event=agent len=229
[17:50:51] type="event" event=agent len=231
[17:50:51] type="event" event=agent len=234
[17:50:51] type="event" event=agent len=237
[17:50:51] type="event" event=agent len=240
[17:50:51] type="event" event=agent len=243
[17:50:51] type="event" event=agent len=246
[17:50:51] type="event" event=agent len=250
[17:50:52] type="event" event=agent len=253
[17:50:52] type="event" event=chat len=290
[17:50:52] type="event" event=agent len=256
[17:50:52] type="event" event=agent len=259
[17:50:52] type="event" event=agent len=262
[17:50:52] type="event" event=agent len=265
[17:50:52] type="event" event=agent len=268
[17:50:52] type="event" event=agent len=271
[17:50:52] type="event" event=agent len=282
[17:50:52] type="event" event=agent len=281
[17:50:52] type="event" event=agent len=290
[17:50:52] type="event" event=agent len=290
[17:50:52] type="event" event=agent len=305
[17:50:52] type="event" event=chat len=336
[17:50:52] type="event" event=agent len=302
[17:50:52] type="event" event=agent len=317
[17:50:52] type="event" event=agent len=314
[17:50:52] type="event" event=agent len=323
[17:50:52] type="event" event=agent len=335
[17:50:52] type="event" event=agent len=332
[17:50:52] type="event" event=agent len=335
[17:50:52] type="event" event=agent len=338
[17:50:52] type="event" event=agent len=341
[17:50:52] type="event" event=agent len=344
[17:50:52] type="event" event=agent len=347
[17:50:52] type="event" event=chat len=384
[17:50:52] type="event" event=agent len=356
[17:50:52] type="event" event=agent len=362
[17:50:52] type="event" event=agent len=362
[17:50:52] type="event" event=agent len=365
[17:50:52] type="event" event=agent len=368
[17:50:52] type="event" event=agent len=371
[17:50:52] type="event" event=agent len=374
[17:50:52] type="event" event=agent len=377
[17:50:52] type="event" event=agent len=380
[17:50:53] type="event" event=agent len=383
[17:50:53] type="event" event=agent len=386
[17:50:53] type="event" event=agent len=389
[17:50:53] type="event" event=agent len=392
[17:50:53] type="event" event=agent len=395
[17:50:53] type="event" event=agent len=398
[17:50:53] type="event" event=agent len=401
[17:50:53] type="event" event=agent len=412
[17:50:53] type="event" event=chat len=445
[17:50:53] type="event" event=agent len=411
[17:50:53] type="event" event=agent len=414
[17:50:53] type="event" event=agent len=417
[17:50:53] type="event" event=agent len=426
[17:50:53] type="event" event=agent len=426
[17:50:53] type="event" event=agent len=429
[17:50:53] type="event" event=agent len=438
[17:50:53] type="event" event=agent len=444
[17:50:53] type="event" event=agent len=444
[17:50:53] type="event" event=agent len=235
[17:50:53] type="event" event=chat len=481
[17:50:53] type="event" event=chat len=481
[17:51:03] type="event" event=tick len=73
[17:51:12] type="event" event=health len=8885
[17:51:19] type="res" event=- len=2846
[17:51:20] type="res" event=- len=146
[17:51:20] type="event" event=agent len=238
[17:51:24] type="event" event=agent len=225
[17:51:24] type="event" event=chat len=261
[17:51:24] type="event" event=agent len=229
[17:51:24] type="event" event=agent len=231
[17:51:24] type="event" event=agent len=240
[17:51:24] type="event" event=agent len=240
[17:51:24] type="event" event=agent len=251
[17:51:24] type="event" event=agent len=250
[17:51:24] type="event" event=agent len=259
[17:51:24] type="event" event=agent len=260
[17:51:24] type="event" event=agent len=263
[17:51:25] type="event" event=agent len=266
[17:51:25] type="event" event=chat len=303
[17:51:25] type="event" event=agent len=269
[17:51:25] type="event" event=agent len=272
[17:51:25] type="event" event=agent len=275
[17:51:25] type="event" event=agent len=278
[17:51:25] type="event" event=agent len=281
[17:51:25] type="event" event=agent len=284
[17:51:25] type="event" event=agent len=287
[17:51:25] type="event" event=agent len=296
[17:51:25] type="event" event=agent len=302
[17:51:25] type="event" event=agent len=308
[17:51:25] type="event" event=agent len=308
[17:51:25] type="event" event=agent len=235
[17:51:25] type="event" event=chat len=345
[17:51:25] type="event" event=chat len=345
[17:51:33] type="event" event=tick len=73
[17:51:49] type="res" event=- len=2846
[17:52:03] type="event" event=tick len=73
[17:52:09] type="event" event=health len=8929
[17:52:19] type="res" event=- len=2846
[17:52:33] type="event" event=tick len=73
[17:52:49] type="res" event=- len=2846
[17:53:03] type="event" event=tick len=73
[17:53:09] type="event" event=health len=8930
[17:53:19] type="res" event=- len=2846
[17:53:33] type="event" event=tick len=73
[17:53:49] type="res" event=- len=2846
[17:54:03] type="event" event=tick len=73
[17:54:09] type="event" event=health len=8932
[17:54:19] type="res" event=- len=2846
[17:54:33] type="event" event=tick len=73
[17:54:49] type="res" event=- len=2846
[17:54:55] type="event" event=cron len=144
[17:54:55] type="event" event=agent len=269
[17:55:03] type="event" event=tick len=73
[17:55:09] type="event" event=health len=8927
[17:55:14] type="event" event=agent len=328
[17:55:14] type="event" event=chat len=328
[17:55:15] type="event" event=agent len=424
[17:55:15] type="event" event=chat len=396
[17:55:16] type="event" event=agent len=265
[17:55:16] type="event" event=chat len=396
[17:55:16] type="event" event=cron len=582
[17:55:19] type="res" event=- len=2846
[17:55:33] type="event" event=tick len=73
[17:55:49] type="res" event=- len=2846
[17:56:03] type="event" event=tick len=73
[17:56:10] type="event" event=health len=8929
[17:56:19] type="res" event=- len=2846
[17:56:33] type="event" event=tick len=73
[17:56:49] type="res" event=- len=2846
[17:57:03] type="event" event=tick len=73
[17:57:13] type="event" event=health len=8933
[17:57:19] type="res" event=- len=2846
[17:57:33] type="event" event=tick len=73
[17:57:49] type="res" event=- len=2846
[17:58:03] type="event" event=tick len=73
[17:58:12] type="event" event=health len=8933
[17:58:19] type="res" event=- len=2846
[17:58:33] type="event" event=tick len=73
[17:58:49] type="res" event=- len=2846
[17:59:03] type="event" event=tick len=73
[17:59:12] type="event" event=health len=8933
[17:59:19] type="res" event=- len=2846
[17:59:33] type="event" event=tick len=73
[17:59:49] type="res" event=- len=2846
